# JRE version: 7.0_07-b10
# Java VM: Java HotSpot(TM) 64-Bit Server VM (23.3-b01 mixed mode linux-amd64 compressed oops)
Heap
 PSYoungGen      total 71168K, used 36308K [0x00000007d7000000, 0x00000007dc740000, 0x0000000800000000)
  eden space 60480K, 42% used [0x00000007d7000000,0x00000007d890ae90,0x00000007dab10000)
  from space 10688K, 99% used [0x00000007db7f0000,0x00000007dc25a298,0x00000007dc260000)
  to   space 13184K, 0% used [0x00000007dab10000,0x00000007dab10000,0x00000007db7f0000)
 ParOldGen       total 83968K, used 19264K [0x0000000785000000, 0x000000078a200000, 0x00000007d7000000)
  object space 83968K, 22% used [0x0000000785000000,0x00000007862d0248,0x000000078a200000)
 PSPermGen       total 28160K, used 28012K [0x000000077fe00000, 0x0000000781980000, 0x0000000785000000)
  object space 28160K, 99% used [0x000000077fe00000,0x000000078195b1b0,0x0000000781980000)
GC Heap History (10 events):
Event: 6,379 GC heap before
{Heap before GC invocations=2 (full 0):
 PSYoungGen      total 36736K, used 36713K [0x00000007d7000000, 0x00000007d9900000, 0x0000000800000000)
  eden space 31488K, 100% used [0x00000007d7000000,0x00000007d8ec0000,0x00000007d8ec0000)
  from space 5248K, 99% used [0x00000007d8ec0000,0x00000007d93da640,0x00000007d93e0000)
  to   space 5248K, 0% used [0x00000007d93e0000,0x00000007d93e0000,0x00000007d9900000)
 ParOldGen       total 83968K, used 1192K [0x0000000785000000, 0x000000078a200000, 0x00000007d7000000)
  object space 83968K, 1% used [0x0000000785000000,0x000000078512a268,0x000000078a200000)
 PSPermGen       total 21248K, used 8087K [0x000000077fe00000, 0x00000007812c0000, 0x0000000785000000)
  object space 21248K, 38% used [0x000000077fe00000,0x00000007805e5db0,0x00000007812c0000)
Event: 6,387 GC heap after
Heap after GC invocations=2 (full 0):
 PSYoungGen      total 36736K, used 5216K [0x00000007d7000000, 0x00000007d9900000, 0x0000000800000000)
  eden space 31488K, 0% used [0x00000007d7000000,0x00000007d7000000,0x00000007d8ec0000)
  from space 5248K, 99% used [0x00000007d93e0000,0x00000007d98f83c0,0x00000007d9900000)
  to   space 5248K, 0% used [0x00000007d8ec0000,0x00000007d8ec0000,0x00000007d93e0000)
 ParOldGen       total 83968K, used 4173K [0x0000000785000000, 0x000000078a200000, 0x00000007d7000000)
  object space 83968K, 4% used [0x0000000785000000,0x0000000785413610,0x000000078a200000)
 PSPermGen       total 21248K, used 8087K [0x000000077fe00000, 0x00000007812c0000, 0x0000000785000000)
  object space 21248K, 38% used [0x000000077fe00000,0x00000007805e5db0,0x00000007812c0000)
}
Event: 8,014 GC heap before
{Heap before GC invocations=3 (full 0):
 PSYoungGen      total 36736K, used 36704K [0x00000007d7000000, 0x00000007d9900000, 0x0000000800000000)
  eden space 31488K, 100% used [0x00000007d7000000,0x00000007d8ec0000,0x00000007d8ec0000)
  from space 5248K, 99% used [0x00000007d93e0000,0x00000007d98f83c0,0x00000007d9900000)
  to   space 5248K, 0% used [0x00000007d8ec0000,0x00000007d8ec0000,0x00000007d93e0000)
 ParOldGen       total 83968K, used 4173K [0x0000000785000000, 0x000000078a200000, 0x00000007d7000000)
  object space 83968K, 4% used [0x0000000785000000,0x0000000785413610,0x000000078a200000)
 PSPermGen       total 21248K, used 10718K [0x000000077fe00000, 0x00000007812c0000, 0x0000000785000000)
  object space 21248K, 50% used [0x000000077fe00000,0x0000000780877960,0x00000007812c0000)
Event: 8,021 GC heap after
Heap after GC invocations=3 (full 0):
 PSYoungGen      total 36736K, used 5220K [0x00000007d7000000, 0x00000007d9900000, 0x0000000800000000)
  eden space 31488K, 0% used [0x00000007d7000000,0x00000007d7000000,0x00000007d8ec0000)
  from space 5248K, 99% used [0x00000007d8ec0000,0x00000007d93d92f8,0x00000007d93e0000)
  to   space 5248K, 0% used [0x00000007d93e0000,0x00000007d93e0000,0x00000007d9900000)
 ParOldGen       total 83968K, used 8993K [0x0000000785000000, 0x000000078a200000, 0x00000007d7000000)
  object space 83968K, 10% used [0x0000000785000000,0x00000007858c8628,0x000000078a200000)
 PSPermGen       total 21248K, used 10718K [0x000000077fe00000, 0x00000007812c0000, 0x0000000785000000)
  object space 21248K, 50% used [0x000000077fe00000,0x0000000780877960,0x00000007812c0000)
}
Event: 8,546 GC heap before
{Heap before GC invocations=4 (full 0):
 PSYoungGen      total 36736K, used 36708K [0x00000007d7000000, 0x00000007d9900000, 0x0000000800000000)
  eden space 31488K, 100% used [0x00000007d7000000,0x00000007d8ec0000,0x00000007d8ec0000)
  from space 5248K, 99% used [0x00000007d8ec0000,0x00000007d93d92f8,0x00000007d93e0000)
  to   space 5248K, 0% used [0x00000007d93e0000,0x00000007d93e0000,0x00000007d9900000)
 ParOldGen       total 83968K, used 8993K [0x0000000785000000, 0x000000078a200000, 0x00000007d7000000)
  object space 83968K, 10% used [0x0000000785000000,0x00000007858c8628,0x000000078a200000)
 PSPermGen       total 21248K, used 11782K [0x000000077fe00000, 0x00000007812c0000, 0x0000000785000000)
  object space 21248K, 55% used [0x000000077fe00000,0x0000000780981938,0x00000007812c0000)
Event: 8,551 GC heap after
Heap after GC invocations=4 (full 0):
 PSYoungGen      total 36736K, used 5224K [0x00000007d7000000, 0x00000007d9900000, 0x0000000800000000)
  eden space 31488K, 0% used [0x00000007d7000000,0x00000007d7000000,0x00000007d8ec0000)
  from space 5248K, 99% used [0x00000007d93e0000,0x00000007d98fa2e8,0x00000007d9900000)
  to   space 5248K, 0% used [0x00000007d8ec0000,0x00000007d8ec0000,0x00000007d93e0000)
 ParOldGen       total 83968K, used 12913K [0x0000000785000000, 0x000000078a200000, 0x00000007d7000000)
  object space 83968K, 15% used [0x0000000785000000,0x0000000785c9c568,0x000000078a200000)
 PSPermGen       total 21248K, used 11782K [0x000000077fe00000, 0x00000007812c0000, 0x0000000785000000)
  object space 21248K, 55% used [0x000000077fe00000,0x0000000780981938,0x00000007812c0000)
}
Event: 8,689 GC heap before
{Heap before GC invocations=5 (full 0):
 PSYoungGen      total 36736K, used 36712K [0x00000007d7000000, 0x00000007d9900000, 0x0000000800000000)
  eden space 31488K, 100% used [0x00000007d7000000,0x00000007d8ec0000,0x00000007d8ec0000)
  from space 5248K, 99% used [0x00000007d93e0000,0x00000007d98fa2e8,0x00000007d9900000)
  to   space 5248K, 0% used [0x00000007d8ec0000,0x00000007d8ec0000,0x00000007d93e0000)
 ParOldGen       total 83968K, used 12913K [0x0000000785000000, 0x000000078a200000, 0x00000007d7000000)
  object space 83968K, 15% used [0x0000000785000000,0x0000000785c9c568,0x000000078a200000)
 PSPermGen       total 21248K, used 11803K [0x000000077fe00000, 0x00000007812c0000, 0x0000000785000000)
  object space 21248K, 55% used [0x000000077fe00000,0x0000000780986ed0,0x00000007812c0000)
Event: 8,698 GC heap after
Heap after GC invocations=5 (full 0):
 PSYoungGen      total 36736K, used 5232K [0x00000007d7000000, 0x00000007dc260000, 0x0000000800000000)
  eden space 31488K, 0% used [0x00000007d7000000,0x00000007d7000000,0x00000007d8ec0000)
  from space 5248K, 99% used [0x00000007d8ec0000,0x00000007d93dc040,0x00000007d93e0000)
  to   space 10688K, 0% used [0x00000007db7f0000,0x00000007db7f0000,0x00000007dc260000)
 ParOldGen       total 83968K, used 16392K [0x0000000785000000, 0x000000078a200000, 0x00000007d7000000)
  object space 83968K, 19% used [0x0000000785000000,0x0000000786002380,0x000000078a200000)
 PSPermGen       total 21248K, used 11803K [0x000000077fe00000, 0x00000007812c0000, 0x0000000785000000)
  object space 21248K, 55% used [0x000000077fe00000,0x0000000780986ed0,0x00000007812c0000)
}
Event: 10,833 GC heap before
{Heap before GC invocations=6 (full 0):
 PSYoungGen      total 36736K, used 36720K [0x00000007d7000000, 0x00000007dc260000, 0x0000000800000000)
  eden space 31488K, 100% used [0x00000007d7000000,0x00000007d8ec0000,0x00000007d8ec0000)
  from space 5248K, 99% used [0x00000007d8ec0000,0x00000007d93dc040,0x00000007d93e0000)
  to   space 10688K, 0% used [0x00000007db7f0000,0x00000007db7f0000,0x00000007dc260000)
 ParOldGen       total 83968K, used 16392K [0x0000000785000000, 0x000000078a200000, 0x00000007d7000000)
  object space 83968K, 19% used [0x0000000785000000,0x0000000786002380,0x000000078a200000)
 PSPermGen       total 21248K, used 20547K [0x000000077fe00000, 0x00000007812c0000, 0x0000000785000000)
  object space 21248K, 96% used [0x000000077fe00000,0x0000000781210d08,0x00000007812c0000)
Event: 10,844 GC heap after
Heap after GC invocations=6 (full 0):
 PSYoungGen      total 71168K, used 10664K [0x00000007d7000000, 0x00000007dc740000, 0x0000000800000000)
  eden space 60480K, 0% used [0x00000007d7000000,0x00000007d7000000,0x00000007dab10000)
  from space 10688K, 99% used [0x00000007db7f0000,0x00000007dc25a298,0x00000007dc260000)
  to   space 13184K, 0% used [0x00000007dab10000,0x00000007dab10000,0x00000007db7f0000)
 ParOldGen       total 83968K, used 19264K [0x0000000785000000, 0x000000078a200000, 0x00000007d7000000)
  object space 83968K, 22% used [0x0000000785000000,0x00000007862d0248,0x000000078a200000)
 PSPermGen       total 21248K, used 20547K [0x000000077fe00000, 0x00000007812c0000, 0x0000000785000000)
  object space 21248K, 96% used [0x000000077fe00000,0x0000000781210d08,0x00000007812c0000)
}

